CRITICAL - 2022-03-28 03:14:01 --> Invalid file: index.php
#0 C:\laragon\www\codeigniter4\system\View\View.php(198): CodeIgniter\Exceptions\FrameworkException::forInvalidFile('index.php')
#1 C:\laragon\www\codeigniter4\system\Common.php(1089): CodeIgniter\View\View->render('index', Array, true)
#2 C:\laragon\www\codeigniter4\app\Controllers\Home.php(9): view('index')
#3 C:\laragon\www\codeigniter4\system\CodeIgniter.php(832): App\Controllers\Home->index()
#4 C:\laragon\www\codeigniter4\system\CodeIgniter.php(419): CodeIgniter\CodeIgniter->runController(Object(App\Controllers\Home))
#5 C:\laragon\www\codeigniter4\system\CodeIgniter.php(326): CodeIgniter\CodeIgniter->handleRequest(NULL, Object(Config\Cache), false)
#6 C:\laragon\www\codeigniter4\public\index.php(37): CodeIgniter\CodeIgniter->run()
#7 C:\laragon\www\codeigniter4\system\Commands\Server\rewrite.php(43): require_once('C:\\laragon\\www\\...')
#8 {main}
CRITICAL - 2022-03-28 03:15:12 --> Invalid file: index.php
#0 C:\laragon\www\codeigniter4\system\View\View.php(198): CodeIgniter\Exceptions\FrameworkException::forInvalidFile('index.php')
#1 C:\laragon\www\codeigniter4\system\Common.php(1089): CodeIgniter\View\View->render('index', Array, true)
#2 C:\laragon\www\codeigniter4\app\Controllers\Home.php(9): view('index')
#3 C:\laragon\www\codeigniter4\system\CodeIgniter.php(832): App\Controllers\Home->index()
#4 C:\laragon\www\codeigniter4\system\CodeIgniter.php(419): CodeIgniter\CodeIgniter->runController(Object(App\Controllers\Home))
#5 C:\laragon\www\codeigniter4\system\CodeIgniter.php(326): CodeIgniter\CodeIgniter->handleRequest(NULL, Object(Config\Cache), false)
#6 C:\laragon\www\codeigniter4\public\index.php(37): CodeIgniter\CodeIgniter->run()
#7 C:\laragon\www\codeigniter4\system\Commands\Server\rewrite.php(43): require_once('C:\\laragon\\www\\...')
#8 {main}
CRITICAL - 2022-03-28 03:20:44 --> Invalid file: index.php
#0 C:\laragon\www\codeigniter4\system\View\View.php(198): CodeIgniter\Exceptions\FrameworkException::forInvalidFile('index.php')
#1 C:\laragon\www\codeigniter4\system\Common.php(1089): CodeIgniter\View\View->render('index', Array, true)
#2 C:\laragon\www\codeigniter4\app\Controllers\Home.php(9): view('index')
#3 C:\laragon\www\codeigniter4\system\CodeIgniter.php(832): App\Controllers\Home->index()
#4 C:\laragon\www\codeigniter4\system\CodeIgniter.php(419): CodeIgniter\CodeIgniter->runController(Object(App\Controllers\Home))
#5 C:\laragon\www\codeigniter4\system\CodeIgniter.php(326): CodeIgniter\CodeIgniter->handleRequest(NULL, Object(Config\Cache), false)
#6 C:\laragon\www\codeigniter4\public\index.php(37): CodeIgniter\CodeIgniter->run()
#7 C:\laragon\www\codeigniter4\system\Commands\Server\rewrite.php(43): require_once('C:\\laragon\\www\\...')
#8 {main}
